[2022-11-25 13:36:29] local.ERROR: Database connection [freshshop] not configured. {"exception":"[object] (InvalidArgumentException(code: 0): Database connection [freshshop] not configured. at C:\\OSPanel\\domains\\FreshShop\\vendor\\laravel\\framework\\src\\Illuminate\\Database\\DatabaseManager.php:166)
[stacktrace]
#0 C:\\OSPanel\\domains\\FreshShop\\vendor\\laravel\\framework\\src\\Illuminate\\Database\\DatabaseManager.php(129): Illuminate\\Database\\DatabaseManager->configuration()
#1 C:\\OSPanel\\domains\\FreshShop\\vendor\\laravel\\framework\\src\\Illuminate\\Database\\DatabaseManager.php(100): Illuminate\\Database\\DatabaseManager->makeConnection()
#2 C:\\OSPanel\\domains\\FreshShop\\vendor\\laravel\\framework\\src\\Illuminate\\Database\\Migrations\\DatabaseMigrationRepository.php(211): Illuminate\\Database\\DatabaseManager->connection()
#3 C:\\OSPanel\\domains\\FreshShop\\vendor\\laravel\\framework\\src\\Illuminate\\Database\\Migrations\\DatabaseMigrationRepository.php(167): Illuminate\\Database\\Migrations\\DatabaseMigrationRepository->getConnection()
#4 C:\\OSPanel\\domains\\FreshShop\\vendor\\laravel\\framework\\src\\Illuminate\\Database\\Migrations\\Migrator.php(682): Illuminate\\Database\\Migrations\\DatabaseMigrationRepository->repositoryExists()
#5 C:\\OSPanel\\domains\\FreshShop\\vendor\\laravel\\framework\\src\\Illuminate\\Database\\Console\\Migrations\\MigrateCommand.php(138): Illuminate\\Database\\Migrations\\Migrator->repositoryExists()
#6 C:\\OSPanel\\domains\\FreshShop\\vendor\\laravel\\framework\\src\\Illuminate\\Support\\helpers.php(247): Illuminate\\Database\\Console\\Migrations\\MigrateCommand->Illuminate\\Database\\Console\\Migrations\\{closure}()
#7 C:\\OSPanel\\domains\\FreshShop\\vendor\\laravel\\framework\\src\\Illuminate\\Database\\Console\\Migrations\\MigrateCommand.php(157): retry()
#8 C:\\OSPanel\\domains\\FreshShop\\vendor\\laravel\\framework\\src\\Illuminate\\Database\\Console\\Migrations\\MigrateCommand.php(114): Illuminate\\Database\\Console\\Migrations\\MigrateCommand->repositoryExists()
#9 C:\\OSPanel\\domains\\FreshShop\\vendor\\laravel\\framework\\src\\Illuminate\\Database\\Console\\Migrations\\MigrateCommand.php(82): Illuminate\\Database\\Console\\Migrations\\MigrateCommand->prepareDatabase()
#10 C:\\OSPanel\\domains\\FreshShop\\vendor\\laravel\\framework\\src\\Illuminate\\Database\\Migrations\\Migrator.php(615): Illuminate\\Database\\Console\\Migrations\\MigrateCommand->Illuminate\\Database\\Console\\Migrations\\{closure}()
#11 C:\\OSPanel\\domains\\FreshShop\\vendor\\laravel\\framework\\src\\Illuminate\\Database\\Console\\Migrations\\MigrateCommand.php(102): Illuminate\\Database\\Migrations\\Migrator->usingConnection()
#12 C:\\OSPanel\\domains\\FreshShop\\vendor\\laravel\\framework\\src\\Illuminate\\Container\\BoundMethod.php(36): Illuminate\\Database\\Console\\Migrations\\MigrateCommand->handle()
#13 C:\\OSPanel\\domains\\FreshShop\\vendor\\laravel\\framework\\src\\Illuminate\\Container\\Util.php(41): Illuminate\\Container\\BoundMethod::Illuminate\\Container\\{closure}()
#14 C:\\OSPanel\\domains\\FreshShop\\vendor\\laravel\\framework\\src\\Illuminate\\Container\\BoundMethod.php(93): Illuminate\\Container\\Util::unwrapIfClosure()
#15 C:\\OSPanel\\domains\\FreshShop\\vendor\\laravel\\framework\\src\\Illuminate\\Container\\BoundMethod.php(37): Illuminate\\Container\\BoundMethod::callBoundMethod()
#16 C:\\OSPanel\\domains\\FreshShop\\vendor\\laravel\\framework\\src\\Illuminate\\Container\\Container.php(651): Illuminate\\Container\\BoundMethod::call()
#17 C:\\OSPanel\\domains\\FreshShop\\vendor\\laravel\\framework\\src\\Illuminate\\Console\\Command.php(178): Illuminate\\Container\\Container->call()
#18 C:\\OSPanel\\domains\\FreshShop\\vendor\\symfony\\console\\Command\\Command.php(308): Illuminate\\Console\\Command->execute()
#19 C:\\OSPanel\\domains\\FreshShop\\vendor\\laravel\\framework\\src\\Illuminate\\Console\\Command.php(148): Symfony\\Component\\Console\\Command\\Command->run()
#20 C:\\OSPanel\\domains\\FreshShop\\vendor\\symfony\\console\\Application.php(1014): Illuminate\\Console\\Command->run()
#21 C:\\OSPanel\\domains\\FreshShop\\vendor\\symfony\\console\\Application.php(301): Symfony\\Component\\Console\\Application->doRunCommand()
#22 C:\\OSPanel\\domains\\FreshShop\\vendor\\symfony\\console\\Application.php(171): Symfony\\Component\\Console\\Application->doRun()
#23 C:\\OSPanel\\domains\\FreshShop\\vendor\\laravel\\framework\\src\\Illuminate\\Console\\Application.php(102): Symfony\\Component\\Console\\Application->run()
#24 C:\\OSPanel\\domains\\FreshShop\\vendor\\laravel\\framework\\src\\Illuminate\\Foundation\\Console\\Kernel.php(155): Illuminate\\Console\\Application->run()
#25 C:\\OSPanel\\domains\\FreshShop\\artisan(37): Illuminate\\Foundation\\Console\\Kernel->handle()
#26 {main}
"} 
[2022-11-25 13:39:18] local.ERROR: Database connection [freshshop] not configured. {"exception":"[object] (InvalidArgumentException(code: 0): Database connection [freshshop] not configured. at C:\\OSPanel\\domains\\FreshShop\\vendor\\laravel\\framework\\src\\Illuminate\\Database\\DatabaseManager.php:166)
[stacktrace]
#0 C:\\OSPanel\\domains\\FreshShop\\vendor\\laravel\\framework\\src\\Illuminate\\Database\\DatabaseManager.php(129): Illuminate\\Database\\DatabaseManager->configuration()
#1 C:\\OSPanel\\domains\\FreshShop\\vendor\\laravel\\framework\\src\\Illuminate\\Database\\DatabaseManager.php(100): Illuminate\\Database\\DatabaseManager->makeConnection()
#2 C:\\OSPanel\\domains\\FreshShop\\vendor\\laravel\\framework\\src\\Illuminate\\Database\\Migrations\\DatabaseMigrationRepository.php(211): Illuminate\\Database\\DatabaseManager->connection()
#3 C:\\OSPanel\\domains\\FreshShop\\vendor\\laravel\\framework\\src\\Illuminate\\Database\\Migrations\\DatabaseMigrationRepository.php(167): Illuminate\\Database\\Migrations\\DatabaseMigrationRepository->getConnection()
#4 C:\\OSPanel\\domains\\FreshShop\\vendor\\laravel\\framework\\src\\Illuminate\\Database\\Migrations\\Migrator.php(682): Illuminate\\Database\\Migrations\\DatabaseMigrationRepository->repositoryExists()
#5 C:\\OSPanel\\domains\\FreshShop\\vendor\\laravel\\framework\\src\\Illuminate\\Database\\Console\\Migrations\\MigrateCommand.php(138): Illuminate\\Database\\Migrations\\Migrator->repositoryExists()
#6 C:\\OSPanel\\domains\\FreshShop\\vendor\\laravel\\framework\\src\\Illuminate\\Support\\helpers.php(247): Illuminate\\Database\\Console\\Migrations\\MigrateCommand->Illuminate\\Database\\Console\\Migrations\\{closure}()
#7 C:\\OSPanel\\domains\\FreshShop\\vendor\\laravel\\framework\\src\\Illuminate\\Database\\Console\\Migrations\\MigrateCommand.php(157): retry()
#8 C:\\OSPanel\\domains\\FreshShop\\vendor\\laravel\\framework\\src\\Illuminate\\Database\\Console\\Migrations\\MigrateCommand.php(114): Illuminate\\Database\\Console\\Migrations\\MigrateCommand->repositoryExists()
#9 C:\\OSPanel\\domains\\FreshShop\\vendor\\laravel\\framework\\src\\Illuminate\\Database\\Console\\Migrations\\MigrateCommand.php(82): Illuminate\\Database\\Console\\Migrations\\MigrateCommand->prepareDatabase()
#10 C:\\OSPanel\\domains\\FreshShop\\vendor\\laravel\\framework\\src\\Illuminate\\Database\\Migrations\\Migrator.php(615): Illuminate\\Database\\Console\\Migrations\\MigrateCommand->Illuminate\\Database\\Console\\Migrations\\{closure}()
#11 C:\\OSPanel\\domains\\FreshShop\\vendor\\laravel\\framework\\src\\Illuminate\\Database\\Console\\Migrations\\MigrateCommand.php(102): Illuminate\\Database\\Migrations\\Migrator->usingConnection()
#12 C:\\OSPanel\\domains\\FreshShop\\vendor\\laravel\\framework\\src\\Illuminate\\Container\\BoundMethod.php(36): Illuminate\\Database\\Console\\Migrations\\MigrateCommand->handle()
#13 C:\\OSPanel\\domains\\FreshShop\\vendor\\laravel\\framework\\src\\Illuminate\\Container\\Util.php(41): Illuminate\\Container\\BoundMethod::Illuminate\\Container\\{closure}()
#14 C:\\OSPanel\\domains\\FreshShop\\vendor\\laravel\\framework\\src\\Illuminate\\Container\\BoundMethod.php(93): Illuminate\\Container\\Util::unwrapIfClosure()
#15 C:\\OSPanel\\domains\\FreshShop\\vendor\\laravel\\framework\\src\\Illuminate\\Container\\BoundMethod.php(37): Illuminate\\Container\\BoundMethod::callBoundMethod()
#16 C:\\OSPanel\\domains\\FreshShop\\vendor\\laravel\\framework\\src\\Illuminate\\Container\\Container.php(651): Illuminate\\Container\\BoundMethod::call()
#17 C:\\OSPanel\\domains\\FreshShop\\vendor\\laravel\\framework\\src\\Illuminate\\Console\\Command.php(178): Illuminate\\Container\\Container->call()
#18 C:\\OSPanel\\domains\\FreshShop\\vendor\\symfony\\console\\Command\\Command.php(308): Illuminate\\Console\\Command->execute()
#19 C:\\OSPanel\\domains\\FreshShop\\vendor\\laravel\\framework\\src\\Illuminate\\Console\\Command.php(148): Symfony\\Component\\Console\\Command\\Command->run()
#20 C:\\OSPanel\\domains\\FreshShop\\vendor\\symfony\\console\\Application.php(1014): Illuminate\\Console\\Command->run()
#21 C:\\OSPanel\\domains\\FreshShop\\vendor\\symfony\\console\\Application.php(301): Symfony\\Component\\Console\\Application->doRunCommand()
#22 C:\\OSPanel\\domains\\FreshShop\\vendor\\symfony\\console\\Application.php(171): Symfony\\Component\\Console\\Application->doRun()
#23 C:\\OSPanel\\domains\\FreshShop\\vendor\\laravel\\framework\\src\\Illuminate\\Console\\Application.php(102): Symfony\\Component\\Console\\Application->run()
#24 C:\\OSPanel\\domains\\FreshShop\\vendor\\laravel\\framework\\src\\Illuminate\\Foundation\\Console\\Kernel.php(155): Illuminate\\Console\\Application->run()
#25 C:\\OSPanel\\domains\\FreshShop\\artisan(37): Illuminate\\Foundation\\Console\\Kernel->handle()
#26 {main}
"} 
[2022-11-25 13:39:42] local.ERROR: Database connection [freshshop] not configured. {"exception":"[object] (InvalidArgumentException(code: 0): Database connection [freshshop] not configured. at C:\\OSPanel\\domains\\FreshShop\\vendor\\laravel\\framework\\src\\Illuminate\\Database\\DatabaseManager.php:166)
[stacktrace]
#0 C:\\OSPanel\\domains\\FreshShop\\vendor\\laravel\\framework\\src\\Illuminate\\Database\\DatabaseManager.php(129): Illuminate\\Database\\DatabaseManager->configuration()
#1 C:\\OSPanel\\domains\\FreshShop\\vendor\\laravel\\framework\\src\\Illuminate\\Database\\DatabaseManager.php(100): Illuminate\\Database\\DatabaseManager->makeConnection()
#2 C:\\OSPanel\\domains\\FreshShop\\vendor\\laravel\\framework\\src\\Illuminate\\Database\\Migrations\\DatabaseMigrationRepository.php(211): Illuminate\\Database\\DatabaseManager->connection()
#3 C:\\OSPanel\\domains\\FreshShop\\vendor\\laravel\\framework\\src\\Illuminate\\Database\\Migrations\\DatabaseMigrationRepository.php(167): Illuminate\\Database\\Migrations\\DatabaseMigrationRepository->getConnection()
#4 C:\\OSPanel\\domains\\FreshShop\\vendor\\laravel\\framework\\src\\Illuminate\\Database\\Migrations\\Migrator.php(682): Illuminate\\Database\\Migrations\\DatabaseMigrationRepository->repositoryExists()
#5 C:\\OSPanel\\domains\\FreshShop\\vendor\\laravel\\framework\\src\\Illuminate\\Database\\Console\\Migrations\\MigrateCommand.php(138): Illuminate\\Database\\Migrations\\Migrator->repositoryExists()
#6 C:\\OSPanel\\domains\\FreshShop\\vendor\\laravel\\framework\\src\\Illuminate\\Support\\helpers.php(247): Illuminate\\Database\\Console\\Migrations\\MigrateCommand->Illuminate\\Database\\Console\\Migrations\\{closure}()
#7 C:\\OSPanel\\domains\\FreshShop\\vendor\\laravel\\framework\\src\\Illuminate\\Database\\Console\\Migrations\\MigrateCommand.php(157): retry()
#8 C:\\OSPanel\\domains\\FreshShop\\vendor\\laravel\\framework\\src\\Illuminate\\Database\\Console\\Migrations\\MigrateCommand.php(114): Illuminate\\Database\\Console\\Migrations\\MigrateCommand->repositoryExists()
#9 C:\\OSPanel\\domains\\FreshShop\\vendor\\laravel\\framework\\src\\Illuminate\\Database\\Console\\Migrations\\MigrateCommand.php(82): Illuminate\\Database\\Console\\Migrations\\MigrateCommand->prepareDatabase()
#10 C:\\OSPanel\\domains\\FreshShop\\vendor\\laravel\\framework\\src\\Illuminate\\Database\\Migrations\\Migrator.php(615): Illuminate\\Database\\Console\\Migrations\\MigrateCommand->Illuminate\\Database\\Console\\Migrations\\{closure}()
#11 C:\\OSPanel\\domains\\FreshShop\\vendor\\laravel\\framework\\src\\Illuminate\\Database\\Console\\Migrations\\MigrateCommand.php(102): Illuminate\\Database\\Migrations\\Migrator->usingConnection()
#12 C:\\OSPanel\\domains\\FreshShop\\vendor\\laravel\\framework\\src\\Illuminate\\Container\\BoundMethod.php(36): Illuminate\\Database\\Console\\Migrations\\MigrateCommand->handle()
#13 C:\\OSPanel\\domains\\FreshShop\\vendor\\laravel\\framework\\src\\Illuminate\\Container\\Util.php(41): Illuminate\\Container\\BoundMethod::Illuminate\\Container\\{closure}()
#14 C:\\OSPanel\\domains\\FreshShop\\vendor\\laravel\\framework\\src\\Illuminate\\Container\\BoundMethod.php(93): Illuminate\\Container\\Util::unwrapIfClosure()
#15 C:\\OSPanel\\domains\\FreshShop\\vendor\\laravel\\framework\\src\\Illuminate\\Container\\BoundMethod.php(37): Illuminate\\Container\\BoundMethod::callBoundMethod()
#16 C:\\OSPanel\\domains\\FreshShop\\vendor\\laravel\\framework\\src\\Illuminate\\Container\\Container.php(651): Illuminate\\Container\\BoundMethod::call()
#17 C:\\OSPanel\\domains\\FreshShop\\vendor\\laravel\\framework\\src\\Illuminate\\Console\\Command.php(178): Illuminate\\Container\\Container->call()
#18 C:\\OSPanel\\domains\\FreshShop\\vendor\\symfony\\console\\Command\\Command.php(308): Illuminate\\Console\\Command->execute()
#19 C:\\OSPanel\\domains\\FreshShop\\vendor\\laravel\\framework\\src\\Illuminate\\Console\\Command.php(148): Symfony\\Component\\Console\\Command\\Command->run()
#20 C:\\OSPanel\\domains\\FreshShop\\vendor\\symfony\\console\\Application.php(1014): Illuminate\\Console\\Command->run()
#21 C:\\OSPanel\\domains\\FreshShop\\vendor\\symfony\\console\\Application.php(301): Symfony\\Component\\Console\\Application->doRunCommand()
#22 C:\\OSPanel\\domains\\FreshShop\\vendor\\symfony\\console\\Application.php(171): Symfony\\Component\\Console\\Application->doRun()
#23 C:\\OSPanel\\domains\\FreshShop\\vendor\\laravel\\framework\\src\\Illuminate\\Console\\Application.php(102): Symfony\\Component\\Console\\Application->run()
#24 C:\\OSPanel\\domains\\FreshShop\\vendor\\laravel\\framework\\src\\Illuminate\\Foundation\\Console\\Kernel.php(155): Illuminate\\Console\\Application->run()
#25 C:\\OSPanel\\domains\\FreshShop\\artisan(37): Illuminate\\Foundation\\Console\\Kernel->handle()
#26 {main}
"} 
